<?xml version="1.0" encoding="UTF-8"?>
<testng-results skipped="0" failed="0" ignored="0" total="1" passed="1">
  <reporter-output>
  </reporter-output>
  <suite name="Default suite" duration-ms="792" started-at="2019-01-27T19:07:42Z" finished-at="2019-01-27T19:07:43Z">
    <groups>
    </groups>
    <test name="Default test" duration-ms="792" started-at="2019-01-27T19:07:42Z" finished-at="2019-01-27T19:07:43Z">
      <class name="base.test">
        <test-method status="PASS" signature="add()[pri:0, instance:base.test@9629756]" name="add" duration-ms="739" started-at="2019-01-27T19:07:42Z" finished-at="2019-01-27T19:07:43Z">
          <reporter-output>
          </reporter-output>
        </test-method> <!-- add -->
      </class> <!-- base.test -->
    </test> <!-- Default test -->
  </suite> <!-- Default suite -->
</testng-results>
